<?xml version="1.0" encoding="UTF-8"?>
<testsuites name="TS_03" time="92.648" tests="1" failures="0" errors="0">
   <testsuite name="TS_03" tests="1" failures="0" errors="0" time="92.648" skipped="0" timestamp="10-10-2024T15:46:18" hostname="nhan.hoang - localhost" id="Test Suites/TS_03">
      <properties>
[...]
</properties>
      <testcase name="Test Cases/TC_03_Login with incorrect email password" time="92.574" classname="Test Cases/TC_03_Login with incorrect email password" status="PASSED">
         <system-out><![CDATA[10-10-2024T15:46:18 - [TEST_CASE][PASSED] - Test Cases/TC_03_Login with incorrect email password: Test Cases/TC_03_Login with incorrect email password

10-10-2024T15:46:18 - [TEST_STEP][PASSED] - openBrowser(""): Browser is opened with url: ''

10-10-2024T15:46:18 - [MESSAGE][INFO] - User set preference: ['os', 'macos']

10-10-2024T15:46:18 - [MESSAGE][INFO] - User set preference: ['browserVersion', '129']

10-10-2024T15:46:18 - [MESSAGE][INFO] - User set preference: ['browserName', 'chrome']

10-10-2024T15:46:18 - [MESSAGE][INFO] - User set preference: ['katalon:option', '{organizationId=1655112, usingTunnel=true}']

10-10-2024T15:46:18 - [MESSAGE][INFO] - Connecting to remote web server 'testcloud.katalon.com/hub' with type 'Selenium'

10-10-2024T15:46:18 - [MESSAGE][INFO] - Action delay is set to 0 milliseconds

10-10-2024T15:47:13 - [MESSAGE][PASSED] - Browser is opened with url: ''

10-10-2024T15:47:13 - [TEST_STEP][PASSED] - navigateToUrl("https://automationexercise.com/"): Navigate to 'https://automationexercise.com/' successfully

10-10-2024T15:47:27 - [MESSAGE][PASSED] - Navigate to 'https://automationexercise.com/' successfully

10-10-2024T15:47:27 - [TEST_STEP][PASSED] - click(findTestObject("Page_Automation Exercise/a_Signup  Login")): Object: 'Object Repository/Page_Automation Exercise/a_Signup  Login' is clicked on

10-10-2024T15:47:32 - [MESSAGE][PASSED] - Object: 'Object Repository/Page_Automation Exercise/a_Signup  Login' is clicked on

10-10-2024T15:47:32 - [TEST_STEP][PASSED] - setText(findTestObject("Page_Automation Exercise - Signup  Login/input_Login to your account_email"), email): Text 'nhantest@katalon.com' is set on object 'Object Repository/Page_Automation Exercise - Signup  Login/input_Login to your account_email'

10-10-2024T15:47:37 - [MESSAGE][PASSED] - Text 'nhantest@katalon.com' is set on object 'Object Repository/Page_Automation Exercise - Signup  Login/input_Login to your account_email'

10-10-2024T15:47:37 - [TEST_STEP][PASSED] - setText(findTestObject("Page_Automation Exercise - Signup  Login/input_Login to your account_password"), password): Text 'wrongpass' is set on object 'Object Repository/Page_Automation Exercise - Signup  Login/input_Login to your account_password'

10-10-2024T15:47:40 - [MESSAGE][PASSED] - Text 'wrongpass' is set on object 'Object Repository/Page_Automation Exercise - Signup  Login/input_Login to your account_password'

10-10-2024T15:47:40 - [TEST_STEP][PASSED] - click(findTestObject("Page_Automation Exercise - Signup  Login/button_Login")): Object: 'Object Repository/Page_Automation Exercise - Signup  Login/button_Login' is clicked on

10-10-2024T15:47:45 - [MESSAGE][PASSED] - Object: 'Object Repository/Page_Automation Exercise - Signup  Login/button_Login' is clicked on

10-10-2024T15:47:45 - [TEST_STEP][PASSED] - click(findTestObject("Object Repository/Page_Automation Exercise - Signup  Login/p_Your email or password is incorrect")): Object: 'Object Repository/Page_Automation Exercise - Signup  Login/p_Your email or password is incorrect' is clicked on

10-10-2024T15:47:48 - [MESSAGE][PASSED] - Object: 'Object Repository/Page_Automation Exercise - Signup  Login/p_Your email or password is incorrect' is clicked on

10-10-2024T15:47:48 - [TEST_STEP][PASSED] - verifyElementText(findTestObject("Object Repository/Page_Automation Exercise - Signup  Login/p_Your email or password is incorrect"), "Your email or password is incorrect!"): Actual text and expected text of test object 'Object Repository/Page_Automation Exercise - Signup  Login/p_Your email or password is incorrect' are matched.

10-10-2024T15:47:49 - [MESSAGE][PASSED] - Actual text and expected text of test object 'Object Repository/Page_Automation Exercise - Signup  Login/p_Your email or password is incorrect' are matched.

10-10-2024T15:47:49 - [TEST_STEP][PASSED] - closeBrowser(): Browser is closed

10-10-2024T15:47:50 - [MESSAGE][PASSED] - Browser is closed]]></system-out>
         <system-err><![CDATA[]]></system-err>
      </testcase>
      <system-out><![CDATA[10-10-2024T15:46:18 - [TEST_SUITE][PASSED] - TS_03: Test Cases/TC_03_Login with incorrect email password]]></system-out>
      <system-err><![CDATA[]]></system-err>
   </testsuite>
</testsuites>
