<?xml version="1.0" encoding="UTF-8"?>
<testsuites name="TS_03" time="49.655" tests="1" failures="0" errors="0">
   <testsuite name="TS_03" tests="1" failures="0" errors="0" time="49.655" skipped="0" timestamp="09-10-2024T17:32:28" hostname="nhan.hoang - 10.10.32.90" id="Test Suites/TS_03">
      <properties>
[...]
</properties>
      <testcase name="Test Cases/TC_03_Login with incorrect email password" time="49.579" classname="Test Cases/TC_03_Login with incorrect email password" status="PASSED">
         <system-out><![CDATA[09-10-2024T17:32:28 - [TEST_CASE][PASSED] - Test Cases/TC_03_Login with incorrect email password: Test Cases/TC_03_Login with incorrect email password

09-10-2024T17:32:28 - [TEST_STEP][PASSED] - openBrowser(""): Browser is opened with url: ''

09-10-2024T17:32:28 - [MESSAGE][INFO] - User set preference: ['os', 'macos']

09-10-2024T17:32:28 - [MESSAGE][INFO] - User set preference: ['browserVersion', '131']

09-10-2024T17:32:28 - [MESSAGE][INFO] - User set preference: ['browserName', 'chrome']

09-10-2024T17:32:28 - [MESSAGE][INFO] - User set preference: ['katalon:option', '{organizationId=1655112, usingTunnel=false}']

09-10-2024T17:32:28 - [MESSAGE][INFO] - Connecting to remote web server 'testcloud.katalon.com/hub' with type 'Selenium'

09-10-2024T17:32:28 - [MESSAGE][INFO] - Action delay is set to 0 milliseconds

09-10-2024T17:33:04 - [MESSAGE][PASSED] - Browser is opened with url: ''

09-10-2024T17:33:04 - [TEST_STEP][PASSED] - navigateToUrl("https://automationexercise.com/"): Navigate to 'https://automationexercise.com/' successfully

09-10-2024T17:33:05 - [MESSAGE][PASSED] - Navigate to 'https://automationexercise.com/' successfully

09-10-2024T17:33:05 - [TEST_STEP][PASSED] - click(findTestObject("Page_Automation Exercise/a_Signup  Login")): Object: 'Object Repository/Page_Automation Exercise/a_Signup  Login' is clicked on

09-10-2024T17:33:08 - [MESSAGE][PASSED] - Object: 'Object Repository/Page_Automation Exercise/a_Signup  Login' is clicked on

09-10-2024T17:33:08 - [TEST_STEP][PASSED] - setText(findTestObject("Page_Automation Exercise - Signup  Login/input_Login to your account_email"), email): Text 'nhantest@katalon.com' is set on object 'Object Repository/Page_Automation Exercise - Signup  Login/input_Login to your account_email'

09-10-2024T17:33:10 - [MESSAGE][PASSED] - Text 'nhantest@katalon.com' is set on object 'Object Repository/Page_Automation Exercise - Signup  Login/input_Login to your account_email'

09-10-2024T17:33:10 - [TEST_STEP][PASSED] - setText(findTestObject("Page_Automation Exercise - Signup  Login/input_Login to your account_password"), password): Text 'wrongpass' is set on object 'Object Repository/Page_Automation Exercise - Signup  Login/input_Login to your account_password'

09-10-2024T17:33:13 - [MESSAGE][PASSED] - Text 'wrongpass' is set on object 'Object Repository/Page_Automation Exercise - Signup  Login/input_Login to your account_password'

09-10-2024T17:33:13 - [TEST_STEP][PASSED] - click(findTestObject("Page_Automation Exercise - Signup  Login/button_Login")): Object: 'Object Repository/Page_Automation Exercise - Signup  Login/button_Login' is clicked on

09-10-2024T17:33:14 - [MESSAGE][PASSED] - Object: 'Object Repository/Page_Automation Exercise - Signup  Login/button_Login' is clicked on

09-10-2024T17:33:14 - [TEST_STEP][PASSED] - click(findTestObject("Object Repository/Page_Automation Exercise - Signup  Login/p_Your email or password is incorrect")): Object: 'Object Repository/Page_Automation Exercise - Signup  Login/p_Your email or password is incorrect' is clicked on

09-10-2024T17:33:16 - [MESSAGE][PASSED] - Object: 'Object Repository/Page_Automation Exercise - Signup  Login/p_Your email or password is incorrect' is clicked on

09-10-2024T17:33:16 - [TEST_STEP][PASSED] - verifyElementText(findTestObject("Object Repository/Page_Automation Exercise - Signup  Login/p_Your email or password is incorrect"), "Your email or password is incorrect!"): Actual text and expected text of test object 'Object Repository/Page_Automation Exercise - Signup  Login/p_Your email or password is incorrect' are matched.

09-10-2024T17:33:17 - [MESSAGE][PASSED] - Actual text and expected text of test object 'Object Repository/Page_Automation Exercise - Signup  Login/p_Your email or password is incorrect' are matched.

09-10-2024T17:33:17 - [TEST_STEP][PASSED] - closeBrowser(): Browser is closed

09-10-2024T17:33:18 - [MESSAGE][PASSED] - Browser is closed]]></system-out>
         <system-err><![CDATA[]]></system-err>
      </testcase>
      <system-out><![CDATA[09-10-2024T17:32:28 - [TEST_SUITE][PASSED] - TS_03: Test Cases/TC_03_Login with incorrect email password]]></system-out>
      <system-err><![CDATA[]]></system-err>
   </testsuite>
</testsuites>
