<?xml version="1.0" encoding="UTF-8"?>
<testsuites name="TS_02" time="133.267" tests="1" failures="0" errors="0">
   <testsuite name="TS_02" tests="1" failures="0" errors="0" time="133.267" skipped="0" timestamp="09-10-2024T17:28:46" hostname="nhan.hoang - 10.10.32.90" id="Test Suites/TS_02">
      <properties>
[...]
</properties>
      <testcase name="Test Cases/test" time="29.256" classname="Test Cases/test" status="PASSED">
         <system-out><![CDATA[09-10-2024T17:30:30 - [TEST_CASE][PASSED] - Test Cases/test: Test Cases/test

09-10-2024T17:30:30 - [TEST_STEP][PASSED] - openBrowser(""): Browser is opened with url: ''

09-10-2024T17:30:30 - [MESSAGE][WARNING] - A browser is already opened. Closing browser and opening a new one

09-10-2024T17:30:31 - [MESSAGE][INFO] - User set preference: ['os', 'macos']

09-10-2024T17:30:31 - [MESSAGE][INFO] - User set preference: ['browserVersion', '129']

09-10-2024T17:30:31 - [MESSAGE][INFO] - User set preference: ['browserName', 'chrome']

09-10-2024T17:30:31 - [MESSAGE][INFO] - User set preference: ['katalon:option', '{organizationId=1655112, usingTunnel=false}']

09-10-2024T17:30:31 - [MESSAGE][INFO] - Connecting to remote web server 'testcloud.katalon.com/hub' with type 'Selenium'

09-10-2024T17:30:31 - [MESSAGE][INFO] - Action delay is set to 0 milliseconds

09-10-2024T17:30:56 - [MESSAGE][PASSED] - Browser is opened with url: ''

09-10-2024T17:30:56 - [TEST_STEP][PASSED] - navigateToUrl("https://katalon-test.s3.amazonaws.com/aut/html/alert.html"): Navigate to 'https://katalon-test.s3.amazonaws.com/aut/html/alert.html' successfully

09-10-2024T17:30:57 - [MESSAGE][PASSED] - Navigate to 'https://katalon-test.s3.amazonaws.com/aut/html/alert.html' successfully

09-10-2024T17:30:57 - [TEST_STEP][PASSED] - driver = getWebDriver(): null

09-10-2024T17:30:57 - [TEST_STEP][PASSED] - click(findTestObject("Object Repository/Page_Demo AUT/button_Click to show alert")): Object: 'Object Repository/Page_Demo AUT/button_Click to show alert' is clicked on

09-10-2024T17:30:58 - [MESSAGE][PASSED] - Object: 'Object Repository/Page_Demo AUT/button_Click to show alert' is clicked on

09-10-2024T17:30:58 - [TEST_STEP][PASSED] - alert().accept(): null]]></system-out>
         <system-err><![CDATA[]]></system-err>
      </testcase>
      <system-out><![CDATA[09-10-2024T17:28:46 - [TEST_SUITE][ERROR] - TS_02: Test Cases/test FAILED.
Reason:
org.openqa.selenium.NoAlertPresentException: no such alert
  (Session info: chrome=129.0.6668.71)
Build info: version: '3.141.59', revision: 'unknown', time: 'unknown'
System info: host: 'Nhans-MacBook-Air.local', ip: 'fe80:0:0:0:e2:daaa:82e:ae55%en0', os.name: 'Mac OS X', os.arch: 'aarch64', os.version: '14.4', java.version: '17.0.7'
Driver info: com.kms.katalon.selenium.driver.CRemoteWebDriver
Capabilities {LT:Options: {build: f796d6fd-44af-4a77-b90c-134..., w3c: true}, acceptInsecureCerts: false, browserName: chrome, browserVersion: 129.0.6668.71, chrome: {chromedriverVersion: 129.0.6668.71 (755228feba24..., userDataDir: /var/folders/sz/zpwn6l2s0tq...}, fedcm:accounts: true, goog:chromeOptions: {debuggerAddress: localhost:9225}, javascriptEnabled: true, katalon:option: {apiKey: null, appId: null, deviceId: null, deviceVersion: null, executionId: f516b5a5-de09-4594-ae8e-27a..., executionSessionId: f796d6fd-44af-4a77-b90c-134..., group: null, organizationId: 1655112, runFromTestCloud: true, teamId: null, tenant: null, tunnelMetadataId: null, userId: 1591767, usingTunnel: false}, kt:requestId: f796d6fd-44af-4a77-b90c-134..., kt:rid: f796d6fd-44af-4a77-b90c-134..., lambda:loadExtension: [https://prod-magicleap-user...], networkConnectionEnabled: false, pageLoadStrategy: normal, platform: MAC, platformName: MAC, proxy: Proxy(), se:bidiEnabled: false, se:cdpEnabled: false, setWindowRect: true, strictFileInteractability: false, timeouts: {implicit: 0, pageLoad: 300000, script: 30000}, unhandledPromptBehavior: dismiss and notify, webauthn:extension:credBlob: true, webauthn:extension:largeBlob: true, webauthn:extension:minPinLength: true, webauthn:extension:prf: true, webauthn:virtualAuthenticators: true}
Session ID: b37dad3ef719c1fcf1296e2a795b35ba
	at java.base/jdk.internal.reflect.NativeConstructorAccessorImpl.newInstance0(Native Method)
	at java.base/jdk.internal.reflect.NativeConstructorAccessorImpl.newInstance(NativeConstructorAccessorImpl.java:77)
	at java.base/jdk.internal.reflect.DelegatingConstructorAccessorImpl.newInstance(DelegatingConstructorAccessorImpl.java:45)
	at org.openqa.selenium.remote.http.W3CHttpResponseCodec.createException(W3CHttpResponseCodec.java:187)
	at org.openqa.selenium.remote.http.W3CHttpResponseCodec.decode(W3CHttpResponseCodec.java:122)
	at org.openqa.selenium.remote.http.W3CHttpResponseCodec.decode(W3CHttpResponseCodec.java:49)
	at org.openqa.selenium.remote.HttpCommandExecutor.execute(HttpCommandExecutor.java:158)
	at org.openqa.selenium.remote.RemoteWebDriver.execute(RemoteWebDriver.java:552)
	at com.kms.katalon.selenium.driver.CRemoteWebDriver.execute(CRemoteWebDriver.java:30)
	at org.openqa.selenium.remote.RemoteWebDriver.execute(RemoteWebDriver.java:609)
	at org.openqa.selenium.remote.RemoteWebDriver$RemoteTargetLocator.alert(RemoteWebDriver.java:932)
	at org.openqa.selenium.support.events.EventFiringWebDriver$EventFiringTargetLocator.alert(EventFiringWebDriver.java:735)
	at test.run(test:31)
	at com.kms.katalon.core.main.ScriptEngine.run(ScriptEngine.java:194)
	at com.kms.katalon.core.main.ScriptEngine.runScriptAsRawText(ScriptEngine.java:119)
	at com.kms.katalon.core.main.TestCaseExecutor.runScript(TestCaseExecutor.java:448)
	at com.kms.katalon.core.main.TestCaseExecutor.doExecute(TestCaseExecutor.java:439)
	at com.kms.katalon.core.main.TestCaseExecutor.processExecutionPhase(TestCaseExecutor.java:418)
	at com.kms.katalon.core.main.TestCaseExecutor.accessMainPhase(TestCaseExecutor.java:410)
	at com.kms.katalon.core.main.TestCaseExecutor.execute(TestCaseExecutor.java:285)
	at com.kms.katalon.core.common.CommonExecutor.accessTestCaseMainPhase(CommonExecutor.java:65)
	at com.kms.katalon.core.main.TestSuiteExecutor.accessTestSuiteMainPhase(TestSuiteExecutor.java:150)
	at com.kms.katalon.core.main.TestSuiteExecutor.execute(TestSuiteExecutor.java:106)
	at com.kms.katalon.core.main.TestCaseMain.startTestSuite(TestCaseMain.java:180)
	at TempTestSuite1728469721604.run(TempTestSuite1728469721604.groovy:35)
	at java.base/jdk.internal.reflect.NativeMethodAccessorImpl.invoke0(Native Method)
	at java.base/jdk.internal.reflect.NativeMethodAccessorImpl.invoke(NativeMethodAccessorImpl.java:77)
	at java.base/jdk.internal.reflect.DelegatingMethodAccessorImpl.invoke(DelegatingMethodAccessorImpl.java:43)]]></system-out>
      <system-err><![CDATA[09-10-2024T17:28:46 - [TEST_SUITE][ERROR] - TS_02: Test Cases/test FAILED.
Reason:
org.openqa.selenium.NoAlertPresentException: no such alert
  (Session info: chrome=129.0.6668.71)
Build info: version: '3.141.59', revision: 'unknown', time: 'unknown'
System info: host: 'Nhans-MacBook-Air.local', ip: 'fe80:0:0:0:e2:daaa:82e:ae55%en0', os.name: 'Mac OS X', os.arch: 'aarch64', os.version: '14.4', java.version: '17.0.7'
Driver info: com.kms.katalon.selenium.driver.CRemoteWebDriver
Capabilities {LT:Options: {build: f796d6fd-44af-4a77-b90c-134..., w3c: true}, acceptInsecureCerts: false, browserName: chrome, browserVersion: 129.0.6668.71, chrome: {chromedriverVersion: 129.0.6668.71 (755228feba24..., userDataDir: /var/folders/sz/zpwn6l2s0tq...}, fedcm:accounts: true, goog:chromeOptions: {debuggerAddress: localhost:9225}, javascriptEnabled: true, katalon:option: {apiKey: null, appId: null, deviceId: null, deviceVersion: null, executionId: f516b5a5-de09-4594-ae8e-27a..., executionSessionId: f796d6fd-44af-4a77-b90c-134..., group: null, organizationId: 1655112, runFromTestCloud: true, teamId: null, tenant: null, tunnelMetadataId: null, userId: 1591767, usingTunnel: false}, kt:requestId: f796d6fd-44af-4a77-b90c-134..., kt:rid: f796d6fd-44af-4a77-b90c-134..., lambda:loadExtension: [https://prod-magicleap-user...], networkConnectionEnabled: false, pageLoadStrategy: normal, platform: MAC, platformName: MAC, proxy: Proxy(), se:bidiEnabled: false, se:cdpEnabled: false, setWindowRect: true, strictFileInteractability: false, timeouts: {implicit: 0, pageLoad: 300000, script: 30000}, unhandledPromptBehavior: dismiss and notify, webauthn:extension:credBlob: true, webauthn:extension:largeBlob: true, webauthn:extension:minPinLength: true, webauthn:extension:prf: true, webauthn:virtualAuthenticators: true}
Session ID: b37dad3ef719c1fcf1296e2a795b35ba
	at java.base/jdk.internal.reflect.NativeConstructorAccessorImpl.newInstance0(Native Method)
	at java.base/jdk.internal.reflect.NativeConstructorAccessorImpl.newInstance(NativeConstructorAccessorImpl.java:77)
	at java.base/jdk.internal.reflect.DelegatingConstructorAccessorImpl.newInstance(DelegatingConstructorAccessorImpl.java:45)
	at org.openqa.selenium.remote.http.W3CHttpResponseCodec.createException(W3CHttpResponseCodec.java:187)
	at org.openqa.selenium.remote.http.W3CHttpResponseCodec.decode(W3CHttpResponseCodec.java:122)
	at org.openqa.selenium.remote.http.W3CHttpResponseCodec.decode(W3CHttpResponseCodec.java:49)
	at org.openqa.selenium.remote.HttpCommandExecutor.execute(HttpCommandExecutor.java:158)
	at org.openqa.selenium.remote.RemoteWebDriver.execute(RemoteWebDriver.java:552)
	at com.kms.katalon.selenium.driver.CRemoteWebDriver.execute(CRemoteWebDriver.java:30)
	at org.openqa.selenium.remote.RemoteWebDriver.execute(RemoteWebDriver.java:609)
	at org.openqa.selenium.remote.RemoteWebDriver$RemoteTargetLocator.alert(RemoteWebDriver.java:932)
	at org.openqa.selenium.support.events.EventFiringWebDriver$EventFiringTargetLocator.alert(EventFiringWebDriver.java:735)
	at test.run(test:31)
	at com.kms.katalon.core.main.ScriptEngine.run(ScriptEngine.java:194)
	at com.kms.katalon.core.main.ScriptEngine.runScriptAsRawText(ScriptEngine.java:119)
	at com.kms.katalon.core.main.TestCaseExecutor.runScript(TestCaseExecutor.java:448)
	at com.kms.katalon.core.main.TestCaseExecutor.doExecute(TestCaseExecutor.java:439)
	at com.kms.katalon.core.main.TestCaseExecutor.processExecutionPhase(TestCaseExecutor.java:418)
	at com.kms.katalon.core.main.TestCaseExecutor.accessMainPhase(TestCaseExecutor.java:410)
	at com.kms.katalon.core.main.TestCaseExecutor.execute(TestCaseExecutor.java:285)
	at com.kms.katalon.core.common.CommonExecutor.accessTestCaseMainPhase(CommonExecutor.java:65)
	at com.kms.katalon.core.main.TestSuiteExecutor.accessTestSuiteMainPhase(TestSuiteExecutor.java:150)
	at com.kms.katalon.core.main.TestSuiteExecutor.execute(TestSuiteExecutor.java:106)
	at com.kms.katalon.core.main.TestCaseMain.startTestSuite(TestCaseMain.java:180)
	at TempTestSuite1728469721604.run(TempTestSuite1728469721604.groovy:35)
	at java.base/jdk.internal.reflect.NativeMethodAccessorImpl.invoke0(Native Method)
	at java.base/jdk.internal.reflect.NativeMethodAccessorImpl.invoke(NativeMethodAccessorImpl.java:77)
	at java.base/jdk.internal.reflect.DelegatingMethodAccessorImpl.invoke(DelegatingMethodAccessorImpl.java:43)]]></system-err>
   </testsuite>
</testsuites>
